[2023-05-06 02:13:20,055] 17 root - INFO - Creating model resolver object
[2023-05-06 02:13:20,055] 19 root - INFO - Saved models = <leads.predictor.ModelResolver object at 0x000001B71B809E70>
[2023-05-06 02:13:20,060] 20 root - INFO - Reading file :      age,job,marital,education,default,housing,loan,contact,month,day_of_week,duration,campaign,pdays,previous,poutcome,emp.var.rate,cons.price.idx,cons.conf.idx,euribor3m,nr.employed,y
0      56,housemaid,married,basic.4y,no,no,no,telepho...                                                                                                                                  
1      57,services,married,high.school,unknown,no,no,...                                                                                                                                  
2      37,services,married,high.school,no,yes,no,tele...                                                                                                                                  
3      40,admin.,married,basic.6y,no,no,no,telephone,...                                                                                                                                  
4      56,services,married,high.school,no,no,yes,tele...                                                                                                                                  
...                                                  ...                                                                                                                                  
41183  73,retired,married,professional.course,no,yes,...                                                                                                                                  
41184  46,blue-collar,married,professional.course,no,...                                                                                                                                  
41185  56,retired,married,university.degree,no,yes,no...                                                                                                                                  
41186  44,technician,married,professional.course,no,n...                                                                                                                                  
41187  74,retired,married,professional.course,no,yes,...                                                                                                                                  

[41188 rows x 1 columns]
[2023-05-06 02:13:20,179] 25 root - INFO - Loading transformer to transform dataset
[2023-05-06 02:13:20,179] 26 root - INFO - dir_name : ['0']
[2023-05-06 02:13:20,179] 30 root - INFO - dir_names: [0]
[2023-05-06 02:13:20,179] 32 root - INFO - latest_dir_name : 0
[2023-05-06 02:13:20,180] 49 root - INFO - latest dir : saved_models\0
[2023-05-06 02:13:20,180] 26 root - INFO - model_transformer_path: saved_models\0\transformer\transformer.pkl
[2023-05-06 02:13:20,180] 27 root - INFO - Shraddha
[2023-05-06 02:13:20,180] 26 root - INFO - dir_name : ['0']
[2023-05-06 02:13:20,180] 30 root - INFO - dir_names: [0]
[2023-05-06 02:13:20,180] 32 root - INFO - latest_dir_name : 0
[2023-05-06 02:13:20,180] 49 root - INFO - latest dir : saved_models\0
[2023-05-06 02:13:20,180] 53 root - INFO - inside load object function: saved_models\0\transformer\transformer.pkl
[2023-05-06 02:13:20,180] 29 root - INFO -  transformer: None
