[2023-05-06 01:45:20,440] 15 root - INFO - >>>>>>>>>>>>>>>>>>>>>>>>>>>>>>>>>>>>>>>> Data Ingestion <<<<<<<<<<<<<<<<<<<<<<<<<<<<<<<<<<<<<<<<
[2023-05-06 01:45:20,440] 22 root - INFO - Exporting collection data as pandas dataframe
[2023-05-06 01:45:20,440] 29 root - INFO - Reading data from database: BANK_LEADS and collection: LEADS
[2023-05-06 01:45:32,546] 32 root - INFO - Found columns: Index(['_id', 'age', 'job', 'marital', 'education', 'default', 'housing',
       'loan', 'contact', 'month', 'day_of_week', 'duration', 'campaign',
       'pdays', 'previous', 'poutcome', 'emp.var.rate', 'cons.price.idx',
       'cons.conf.idx', 'euribor3m', 'nr.employed', 'y'],
      dtype='object')
[2023-05-06 01:45:32,546] 34 root - INFO - Dropping column: _id 
[2023-05-06 01:45:32,640] 36 root - INFO - Row and columns in df: (164752, 21)
[2023-05-06 01:45:32,640] 28 root - INFO - Save data in feature store
[2023-05-06 01:45:32,735] 34 root - INFO - Create feature store folder if not available
[2023-05-06 01:45:32,735] 38 root - INFO - Save df to feature store folder
[2023-05-06 01:45:34,131] 43 root - INFO - split dataset into train and test set
[2023-05-06 01:45:34,272] 47 root - INFO - create dataset directory folder if not available
[2023-05-06 01:45:34,272] 52 root - INFO - Save df to feature store folder
[2023-05-06 01:45:35,690] 64 root - INFO - Data ingestion artifact: DataIngestionArtifact(feature_store_file_path='E:\\Lead_Classification-main\\artifact\\06052023__014520\\data_ingestion\\feature_store\\bank-additional-full.csv', train_file_path='E:\\Lead_Classification-main\\artifact\\06052023__014520\\data_ingestion\\dataset\\train.csv', test_file_path='E:\\Lead_Classification-main\\artifact\\06052023__014520\\data_ingestion\\dataset\\test.csv')
[2023-05-06 01:45:35,957] 21 root - INFO - >>>>>>>>>>>>>>>>>>>>>>>>>>>>>>>>>>>>>>>> Data Validation >>>>>>>>>>>>>>>>>>>>>>>>>>>>>>>>>>>>>>>>
[2023-05-06 01:45:35,973] 94 root - INFO - Reading base dataframe
[2023-05-06 01:45:36,073] 97 root - INFO - Replace na value in base df
[2023-05-06 01:45:36,073] 99 root - INFO - Drop null values colums from base df
[2023-05-06 01:45:36,098] 102 root - INFO - Reading train dataframe
[2023-05-06 01:45:36,334] 104 root - INFO - Reading test dataframe
[2023-05-06 01:45:36,397] 107 root - INFO - Drop null values colums from train df
[2023-05-06 01:45:36,475] 109 root - INFO - Drop null values colums from test df
[2023-05-06 01:45:36,491] 118 root - INFO - Is all required columns present in train df
[2023-05-06 01:45:36,491] 120 root - INFO - Is all required columns present in test df
[2023-05-06 01:45:36,491] 131 root - INFO - Write reprt in yaml file
[2023-05-06 01:45:36,491] 136 root - INFO - Data validation artifact: DataValidationArtifact(report_file_path='E:\\Lead_Classification-main\\artifact\\06052023__014520\\data_validation\\report.yaml')
[2023-05-06 01:45:36,491] 22 root - INFO - >>>>>>>>>>>>>>>>>>>>>>>>>>>>>>>>>>>>>>>> Data Transformation <<<<<<<<<<<<<<<<<<<<<<<<<<<<<<<<<<<<<<<<
[2023-05-06 01:45:37,354] 79 root - INFO - Before resampling in training set Input: (131801, 20) Target:(131801,)
[2023-05-06 01:46:50,005] 83 root - INFO - After resampling in training set Input: (233958, 20) Target:(233958,)
[2023-05-06 01:46:50,005] 86 root - INFO - Before resampling in testing set Input: (32951, 20) Target:(32951,)
[2023-05-06 01:46:55,412] 90 root - INFO - After resampling in testing set Input: (58392, 20) Target:(58392,)
